# JRE version: Java(TM) SE Runtime Environment (8.0_73-b02) (build 1.8.0_73-b02)
# Java VM: Java HotSpot(TM) 64-Bit Server VM (25.73-b02 mixed mode windows-amd64 compressed oops)
Heap:
 PSYoungGen      total 74240K, used 38002K [0x00000000d5580000, 0x00000000dbb00000, 0x0000000100000000)
  eden space 64000K, 59% used [0x00000000d5580000,0x00000000d7a9cbb8,0x00000000d9400000)
  from space 10240K, 0% used [0x00000000d9400000,0x00000000d9400000,0x00000000d9e00000)
  to   space 11264K, 0% used [0x00000000db000000,0x00000000db000000,0x00000000dbb00000)
 ParOldGen       total 99328K, used 15783K [0x0000000080000000, 0x0000000086100000, 0x00000000d5580000)
  object space 99328K, 15% used [0x0000000080000000,0x0000000080f69fe8,0x0000000086100000)
 Metaspace       used 35805K, capacity 36512K, committed 36992K, reserved 1081344K
  class space    used 4894K, capacity 5165K, committed 5248K, reserved 1048576K
GC Heap History (10 events):
Event: 11.522 GC heap before
{Heap before GC invocations=7 (full 1):
 PSYoungGen      total 37888K, used 36787K [0x00000000d5580000, 0x00000000d9880000, 0x0000000100000000)
  eden space 32768K, 100% used [0x00000000d5580000,0x00000000d7580000,0x00000000d7580000)
  from space 5120K, 78% used [0x00000000d7580000,0x00000000d796cdf8,0x00000000d7a80000)
  to   space 10752K, 0% used [0x00000000d8e00000,0x00000000d8e00000,0x00000000d9880000)
 ParOldGen       total 67072K, used 11856K [0x0000000080000000, 0x0000000084180000, 0x00000000d5580000)
  object space 67072K, 17% used [0x0000000080000000,0x0000000080b94248,0x0000000084180000)
 Metaspace       used 26191K, capacity 26610K, committed 26880K, reserved 1073152K
  class space    used 3662K, capacity 3819K, committed 3840K, reserved 1048576K
Event: 11.528 GC heap after
Heap after GC invocations=7 (full 1):
 PSYoungGen      total 55808K, used 4941K [0x00000000d5580000, 0x00000000d9700000, 0x0000000100000000)
  eden space 46592K, 0% used [0x00000000d5580000,0x00000000d5580000,0x00000000d8300000)
  from space 9216K, 53% used [0x00000000d8e00000,0x00000000d92d3690,0x00000000d9700000)
  to   space 10240K, 0% used [0x00000000d8300000,0x00000000d8300000,0x00000000d8d00000)
 ParOldGen       total 67072K, used 11864K [0x0000000080000000, 0x0000000084180000, 0x00000000d5580000)
  object space 67072K, 17% used [0x0000000080000000,0x0000000080b96248,0x0000000084180000)
 Metaspace       used 26191K, capacity 26610K, committed 26880K, reserved 1073152K
  class space    used 3662K, capacity 3819K, committed 3840K, reserved 1048576K
}
Event: 15.788 GC heap before
{Heap before GC invocations=8 (full 1):
 PSYoungGen      total 55808K, used 51533K [0x00000000d5580000, 0x00000000d9700000, 0x0000000100000000)
  eden space 46592K, 100% used [0x00000000d5580000,0x00000000d8300000,0x00000000d8300000)
  from space 9216K, 53% used [0x00000000d8e00000,0x00000000d92d3690,0x00000000d9700000)
  to   space 10240K, 0% used [0x00000000d8300000,0x00000000d8300000,0x00000000d8d00000)
 ParOldGen       total 67072K, used 11864K [0x0000000080000000, 0x0000000084180000, 0x00000000d5580000)
  object space 67072K, 17% used [0x0000000080000000,0x0000000080b96248,0x0000000084180000)
 Metaspace       used 28657K, capacity 29250K, committed 29568K, reserved 1075200K
  class space    used 3933K, capacity 4125K, committed 4224K, reserved 1048576K
Event: 15.804 GC heap after
Heap after GC invocations=8 (full 1):
 PSYoungGen      total 56832K, used 5759K [0x00000000d5580000, 0x00000000da780000, 0x0000000100000000)
  eden space 46592K, 0% used [0x00000000d5580000,0x00000000d5580000,0x00000000d8300000)
  from space 10240K, 56% used [0x00000000d8300000,0x00000000d889fe18,0x00000000d8d00000)
  to   space 9728K, 0% used [0x00000000d9e00000,0x00000000d9e00000,0x00000000da780000)
 ParOldGen       total 67072K, used 11872K [0x0000000080000000, 0x0000000084180000, 0x00000000d5580000)
  object space 67072K, 17% used [0x0000000080000000,0x0000000080b98248,0x0000000084180000)
 Metaspace       used 28657K, capacity 29250K, committed 29568K, reserved 1075200K
  class space    used 3933K, capacity 4125K, committed 4224K, reserved 1048576K
}
Event: 17.755 GC heap before
{Heap before GC invocations=9 (full 1):
 PSYoungGen      total 56832K, used 52351K [0x00000000d5580000, 0x00000000da780000, 0x0000000100000000)
  eden space 46592K, 100% used [0x00000000d5580000,0x00000000d8300000,0x00000000d8300000)
  from space 10240K, 56% used [0x00000000d8300000,0x00000000d889fe18,0x00000000d8d00000)
  to   space 9728K, 0% used [0x00000000d9e00000,0x00000000d9e00000,0x00000000da780000)
 ParOldGen       total 67072K, used 11872K [0x0000000080000000, 0x0000000084180000, 0x00000000d5580000)
  object space 67072K, 17% used [0x0000000080000000,0x0000000080b98248,0x0000000084180000)
 Metaspace       used 32230K, capacity 32860K, committed 33280K, reserved 1077248K
  class space    used 4398K, capacity 4562K, committed 4608K, reserved 1048576K
Event: 17.772 GC heap after
Heap after GC invocations=9 (full 1):
 PSYoungGen      total 73728K, used 8418K [0x00000000d5580000, 0x00000000daa00000, 0x0000000100000000)
  eden space 64000K, 0% used [0x00000000d5580000,0x00000000d5580000,0x00000000d9400000)
  from space 9728K, 86% used [0x00000000d9e00000,0x00000000da638a50,0x00000000da780000)
  to   space 10240K, 0% used [0x00000000d9400000,0x00000000d9400000,0x00000000d9e00000)
 ParOldGen       total 67072K, used 11880K [0x0000000080000000, 0x0000000084180000, 0x00000000d5580000)
  object space 67072K, 17% used [0x0000000080000000,0x0000000080b9a248,0x0000000084180000)
 Metaspace       used 32230K, capacity 32860K, committed 33280K, reserved 1077248K
  class space    used 4398K, capacity 4562K, committed 4608K, reserved 1048576K
}
Event: 19.002 GC heap before
{Heap before GC invocations=10 (full 1):
 PSYoungGen      total 73728K, used 36552K [0x00000000d5580000, 0x00000000daa00000, 0x0000000100000000)
  eden space 64000K, 43% used [0x00000000d5580000,0x00000000d70f98e0,0x00000000d9400000)
  from space 9728K, 86% used [0x00000000d9e00000,0x00000000da638a50,0x00000000da780000)
  to   space 10240K, 0% used [0x00000000d9400000,0x00000000d9400000,0x00000000d9e00000)
 ParOldGen       total 67072K, used 11880K [0x0000000080000000, 0x0000000084180000, 0x00000000d5580000)
  object space 67072K, 17% used [0x0000000080000000,0x0000000080b9a248,0x0000000084180000)
 Metaspace       used 34692K, capacity 35238K, committed 35496K, reserved 1079296K
  class space    used 4701K, capacity 4857K, committed 4864K, reserved 1048576K
Event: 19.015 GC heap after
Heap after GC invocations=10 (full 1):
 PSYoungGen      total 74240K, used 9112K [0x00000000d5580000, 0x00000000dbb00000, 0x0000000100000000)
  eden space 64000K, 0% used [0x00000000d5580000,0x00000000d5580000,0x00000000d9400000)
  from space 10240K, 88% used [0x00000000d9400000,0x00000000d9ce6338,0x00000000d9e00000)
  to   space 11264K, 0% used [0x00000000db000000,0x00000000db000000,0x00000000dbb00000)
 ParOldGen       total 67072K, used 11952K [0x0000000080000000, 0x0000000084180000, 0x00000000d5580000)
  object space 67072K, 17% used [0x0000000080000000,0x0000000080bac258,0x0000000084180000)
 Metaspace       used 34692K, capacity 35238K, committed 35496K, reserved 1079296K
  class space    used 4701K, capacity 4857K, committed 4864K, reserved 1048576K
}
Event: 19.015 GC heap before
{Heap before GC invocations=11 (full 2):
 PSYoungGen      total 74240K, used 9112K [0x00000000d5580000, 0x00000000dbb00000, 0x0000000100000000)
  eden space 64000K, 0% used [0x00000000d5580000,0x00000000d5580000,0x00000000d9400000)
  from space 10240K, 88% used [0x00000000d9400000,0x00000000d9ce6338,0x00000000d9e00000)
  to   space 11264K, 0% used [0x00000000db000000,0x00000000db000000,0x00000000dbb00000)
 ParOldGen       total 67072K, used 11952K [0x0000000080000000, 0x0000000084180000, 0x00000000d5580000)
  object space 67072K, 17% used [0x0000000080000000,0x0000000080bac258,0x0000000084180000)
 Metaspace       used 34692K, capacity 35238K, committed 35496K, reserved 1079296K
  class space    used 4701K, capacity 4857K, committed 4864K, reserved 1048576K
Event: 19.129 GC heap after
Heap after GC invocations=11 (full 2):
 PSYoungGen      total 74240K, used 0K [0x00000000d5580000, 0x00000000dbb00000, 0x0000000100000000)
  eden space 64000K, 0% used [0x00000000d5580000,0x00000000d5580000,0x00000000d9400000)
  from space 10240K, 0% used [0x00000000d9400000,0x00000000d9400000,0x00000000d9e00000)
  to   space 11264K, 0% used [0x00000000db000000,0x00000000db000000,0x00000000dbb00000)
 ParOldGen       total 99328K, used 15783K [0x0000000080000000, 0x0000000086100000, 0x00000000d5580000)
  object space 99328K, 15% used [0x0000000080000000,0x0000000080f69fe8,0x0000000086100000)
 Metaspace       used 34692K, capacity 35238K, committed 35496K, reserved 1079296K
  class space    used 4701K, capacity 4857K, committed 4864K, reserved 1048576K
}

